<?xml version="1.0" encoding="UTF-8"?>
<!-- Generated by org.testng.reporters.JUnitReportReporter -->
<testsuite skipped="0" hostname="DESKTOP-7M3VN73" name="ChromeBrowserScroll" tests="1" failures="0" timestamp="19 Aug 2019 01:13:25 GMT" time="29.725" errors="0">
  <testcase name="deneme" time="29.725" classname="ChromeBrowserScroll"/>
</testsuite> <!-- ChromeBrowserScroll -->
